<?xml version="1.0" encoding="utf-8"?><testsuites name="pytest tests"><testsuite name="pytest" errors="0" failures="0" skipped="0" tests="14" time="3.130" timestamp="2026-04-08T05:36:46.013102+00:00" hostname="agent-env-80540267-c1c5-42cd-b30f-7e3cf4cd6622"><testcase classname="backend.tests.test_dashboard.TestAutoReplies" name="test_get_auto_replies" time="0.194" /><testcase classname="backend.tests.test_dashboard.TestAutoReplies" name="test_create_auto_reply" time="0.226" /><testcase classname="backend.tests.test_dashboard.TestAutoReplies" name="test_toggle_auto_reply" time="0.365" /><testcase classname="backend.tests.test_dashboard.TestAutoReplies" name="test_delete_auto_reply" time="0.290" /><testcase classname="backend.tests.test_dashboard.TestBannedWords" name="test_get_banned_words" time="0.106" /><testcase classname="backend.tests.test_dashboard.TestBannedWords" name="test_create_banned_word" time="0.211" /><testcase classname="backend.tests.test_dashboard.TestBannedWords" name="test_duplicate_banned_word" time="0.342" /><testcase classname="backend.tests.test_dashboard.TestCommands" name="test_get_commands" time="0.097" /><testcase classname="backend.tests.test_dashboard.TestCommands" name="test_create_command" time="0.203" /><testcase classname="backend.tests.test_dashboard.TestCommands" name="test_delete_command" time="0.247" /><testcase classname="backend.tests.test_dashboard.TestSettings" name="test_get_settings" time="0.096" /><testcase classname="backend.tests.test_dashboard.TestSettings" name="test_update_settings" time="0.314" /><testcase classname="backend.tests.test_dashboard.TestStats" name="test_get_stats" time="0.099" /><testcase classname="backend.tests.test_dashboard.TestActivity" name="test_get_activity" time="0.107" /></testsuite></testsuites>